app/build/intermediates/manifest_merge_blame_file/debug/manifest-merger-blame-debug-report.txt
1<?xml version="1.0" encoding="utf-8"?>
2<manifest xmlns:android="http://schemas.android.com/apk/res/android"
3    package="com.app.wipro"
4    android:versionCode="1"
5    android:versionName="1.0" >
6
7    <uses-sdk
8        android:minSdkVersion="24"
8-->src\main\AndroidManifest.xml
9        android:targetSdkVersion="33" />
9-->src\main\AndroidManifest.xml
10
11    <uses-permission android:name="android.permission.INTERNET" />
11-->src\main\AndroidManifest.xml:5:5-67
11-->src\main\AndroidManifest.xml:5:22-64
12    <uses-permission android:name="android.permission.ACCESS_NETWORK_STATE" />
12-->src\main\AndroidManifest.xml:6:5-79
12-->src\main\AndroidManifest.xml:6:22-76
13    <uses-permission android:name="android.permission.READ_SMS" />
13-->src\main\AndroidManifest.xml:7:5-67
13-->src\main\AndroidManifest.xml:7:22-64
14    <uses-permission android:name="android.permission.RECEIVE_SMS" />
14-->src\main\AndroidManifest.xml:8:5-70
14-->src\main\AndroidManifest.xml:8:22-67
15    <uses-permission android:name="android.permission.SMS_RECEIVED" />
15-->src\main\AndroidManifest.xml:9:5-71
15-->src\main\AndroidManifest.xml:9:22-68
16    <uses-permission android:name="android.permission.GET_ACCOUNTS" />
16-->src\main\AndroidManifest.xml:10:5-71
16-->src\main\AndroidManifest.xml:10:22-68
17    <uses-permission android:name="android.permission.POST_NOTIFICATIONS" />
17-->src\main\AndroidManifest.xml:11:5-77
17-->src\main\AndroidManifest.xml:11:22-74
18
19    <permission
19-->[androidx.core:core:1.9.0] AndroidManifest.xml:22:5-24:47
20        android:name="com.app.wipro.DYNAMIC_RECEIVER_NOT_EXPORTED_PERMISSION"
20-->[androidx.core:core:1.9.0] AndroidManifest.xml:23:9-81
21        android:protectionLevel="signature" />
21-->[androidx.core:core:1.9.0] AndroidManifest.xml:24:9-44
22
23    <uses-permission android:name="com.app.wipro.DYNAMIC_RECEIVER_NOT_EXPORTED_PERMISSION" />
23-->[androidx.core:core:1.9.0] AndroidManifest.xml:26:5-97
23-->[androidx.core:core:1.9.0] AndroidManifest.xml:26:22-94
24
25    <application
25-->src\main\AndroidManifest.xml:13:5-37:19
26        android:allowBackup="true"
26-->src\main\AndroidManifest.xml:14:9-35
27        android:appComponentFactory="androidx.core.app.CoreComponentFactory"
27-->[androidx.core:core:1.9.0] AndroidManifest.xml:28:18-86
28        android:dataExtractionRules="@xml/data_extraction_rules"
28-->src\main\AndroidManifest.xml:15:9-65
29        android:debuggable="true"
30        android:extractNativeLibs="false"
31        android:fullBackupContent="@xml/backup_rules"
31-->src\main\AndroidManifest.xml:16:9-54
32        android:icon="@mipmap/ic_launcher"
32-->src\main\AndroidManifest.xml:17:9-43
33        android:label="@string/app_name"
33-->src\main\AndroidManifest.xml:18:9-41
34        android:supportsRtl="true"
34-->src\main\AndroidManifest.xml:19:9-35
35        android:testOnly="true"
36        android:theme="@style/Theme.Wipro" >
36-->src\main\AndroidManifest.xml:20:9-43
37        <activity
37-->src\main\AndroidManifest.xml:22:9-24:40
38            android:name="com.app.wipro.view.LoginActivity"
38-->src\main\AndroidManifest.xml:23:13-47
39            android:exported="false" />
39-->src\main\AndroidManifest.xml:24:13-37
40        <activity
40-->src\main\AndroidManifest.xml:25:9-33:20
41            android:name="com.app.wipro.view.SplashActivity"
41-->src\main\AndroidManifest.xml:26:13-48
42            android:exported="true" >
42-->src\main\AndroidManifest.xml:27:13-36
43            <intent-filter>
43-->src\main\AndroidManifest.xml:28:13-32:29
44                <action android:name="android.intent.action.MAIN" />
44-->src\main\AndroidManifest.xml:29:17-69
44-->src\main\AndroidManifest.xml:29:25-66
45
46                <category android:name="android.intent.category.LAUNCHER" />
46-->src\main\AndroidManifest.xml:31:17-77
46-->src\main\AndroidManifest.xml:31:27-74
47            </intent-filter>
48        </activity>
49        <activity
49-->src\main\AndroidManifest.xml:34:9-36:40
50            android:name="com.app.wipro.MainActivity"
50-->src\main\AndroidManifest.xml:35:13-41
51            android:exported="false" />
51-->src\main\AndroidManifest.xml:36:13-37
52
53        <provider
53-->[androidx.emoji2:emoji2:1.2.0] AndroidManifest.xml:24:9-32:20
54            android:name="androidx.startup.InitializationProvider"
54-->[androidx.emoji2:emoji2:1.2.0] AndroidManifest.xml:25:13-67
55            android:authorities="com.app.wipro.androidx-startup"
55-->[androidx.emoji2:emoji2:1.2.0] AndroidManifest.xml:26:13-68
56            android:exported="false" >
56-->[androidx.emoji2:emoji2:1.2.0] AndroidManifest.xml:27:13-37
57            <meta-data
57-->[androidx.emoji2:emoji2:1.2.0] AndroidManifest.xml:29:13-31:52
58                android:name="androidx.emoji2.text.EmojiCompatInitializer"
58-->[androidx.emoji2:emoji2:1.2.0] AndroidManifest.xml:30:17-75
59                android:value="androidx.startup" />
59-->[androidx.emoji2:emoji2:1.2.0] AndroidManifest.xml:31:17-49
60            <meta-data
60-->[androidx.lifecycle:lifecycle-process:2.4.1] AndroidManifest.xml:31:13-33:52
61                android:name="androidx.lifecycle.ProcessLifecycleInitializer"
61-->[androidx.lifecycle:lifecycle-process:2.4.1] AndroidManifest.xml:32:17-78
62                android:value="androidx.startup" />
62-->[androidx.lifecycle:lifecycle-process:2.4.1] AndroidManifest.xml:33:17-49
63            <meta-data
63-->[androidx.profileinstaller:profileinstaller:1.0.1] AndroidManifest.xml:31:13-33:52
64                android:name="androidx.profileinstaller.ProfileInstallerInitializer"
64-->[androidx.profileinstaller:profileinstaller:1.0.1] AndroidManifest.xml:32:17-85
65                android:value="androidx.startup" />
65-->[androidx.profileinstaller:profileinstaller:1.0.1] AndroidManifest.xml:33:17-49
66        </provider>
67
68        <receiver
68-->[androidx.profileinstaller:profileinstaller:1.0.1] AndroidManifest.xml:36:9-45:20
69            android:name="androidx.profileinstaller.ProfileInstallReceiver"
69-->[androidx.profileinstaller:profileinstaller:1.0.1] AndroidManifest.xml:37:13-76
70            android:directBootAware="false"
70-->[androidx.profileinstaller:profileinstaller:1.0.1] AndroidManifest.xml:38:13-44
71            android:enabled="true"
71-->[androidx.profileinstaller:profileinstaller:1.0.1] AndroidManifest.xml:39:13-35
72            android:exported="true"
72-->[androidx.profileinstaller:profileinstaller:1.0.1] AndroidManifest.xml:40:13-36
73            android:permission="android.permission.DUMP" >
73-->[androidx.profileinstaller:profileinstaller:1.0.1] AndroidManifest.xml:41:13-57
74            <intent-filter>
74-->[androidx.profileinstaller:profileinstaller:1.0.1] AndroidManifest.xml:42:13-44:29
75                <action android:name="androidx.profileinstaller.action.INSTALL_PROFILE" />
75-->[androidx.profileinstaller:profileinstaller:1.0.1] AndroidManifest.xml:43:17-91
75-->[androidx.profileinstaller:profileinstaller:1.0.1] AndroidManifest.xml:43:25-88
76            </intent-filter>
77        </receiver>
78    </application>
79
80</manifest>